('OnceUponATime', -1)
('id', (1, 0))
('is', -1)
('integer', -1)
('Hear', -1)
('id', (1, 0))
('If', -1)
('id', (1, 0))
('is', -1)
('greater', -1)
('const', (0, 0))
('proceed', -1)
('Speak', -1)
('const', (1, 0))
('Otherwise', -1)
('Speak', -1)
('const', (0, 1))
('TheEnd', -1)
('OnceUponATime', -1)
('id', (1, 1))
('is', -1)
('integer', -1)
('id', (1, 1))
('equals', -1)
('const', (0, 2))
('TheEnd', -1)
('OnceUponATime', -1)
('id', (1, 2))
('is', -1)
('integer', -1)
('id', (1, 2))
('equals', -1)
('const', (1, 1))
('Loop', -1)
('until', -1)
('id', (1, 2))
('is', -1)
('smaller', -1)
('const', (0, 3))
('Speak', -1)
('const', (0, 4))
('id', (1, 2))
('id', (1, 2))
('equals', -1)
('id', (1, 2))
('operator', -1)
('const', (1, 1))
